2012-09-20 11:24:24,594 INFO [gfi.app.client.ConsoleRm] - sequence
2012-09-20 11:24:24,614 ERROR [gfi.app.client.ConsoleRm] - Failed to invoke method executeCommand in class mina.command.Retransmission: 1
2012-09-20 11:26:15,898 INFO [gfi.app.client.ConsoleRm] - sequence
2012-09-20 11:26:15,907 INFO [gfi.app.client.ConsoleRm] - Resultado: |sequence | sequence {show, -reset [long{7}]}|
2012-09-20 11:26:40,061 INFO [gfi.app.client.ConsoleRm] - sequence
2012-09-20 11:26:40,070 INFO [gfi.app.client.ConsoleRm] - Resultado: |sequence | sequence {show, -reset [long{7}]}|
2012-09-20 11:28:23,326 INFO [gfi.app.client.ConsoleRm] - sequence
2012-09-20 11:28:23,333 INFO [gfi.app.client.ConsoleRm] - Resultado: 
2012-09-20 11:29:01,749 INFO [gfi.app.client.ConsoleRm] - sequence
2012-09-20 11:29:01,758 INFO [gfi.app.client.ConsoleRm] - Resultado: Sequence  5
2012-09-20 11:29:18,449 INFO [gfi.app.client.ConsoleRm] - sequence
2012-09-20 11:29:18,458 INFO [gfi.app.client.ConsoleRm] - Resultado: 
2012-09-20 11:31:02,785 INFO [gfi.app.client.ConsoleRm] - sequence
2012-09-20 11:31:02,795 INFO [gfi.app.client.ConsoleRm] - Resultado: Sequence 1
2012-09-20 11:32:21,265 INFO [gfi.app.client.ConsoleRm] - sequence
2012-09-20 11:32:21,272 INFO [gfi.app.client.ConsoleRm] - Resultado: Sequence  0
2012-09-20 11:35:50,282 INFO [gfi.app.client.ConsoleRm] - sequence
2012-09-20 11:35:50,290 INFO [gfi.app.client.ConsoleRm] - Resultado: |sequence | sequence {show, -reset [long{7}]}|
2012-09-20 11:36:24,889 INFO [gfi.app.client.ConsoleRm] - sequence
2012-09-20 11:36:24,905 INFO [gfi.app.client.ConsoleRm] - Resultado: Sequence  6
2012-09-20 11:36:36,029 INFO [gfi.app.client.ConsoleRm] - sequence
2012-09-20 11:36:36,037 INFO [gfi.app.client.ConsoleRm] - Resultado: Sequence  6
2012-09-20 11:37:12,357 INFO [gfi.app.client.ConsoleRm] - sequence
2012-09-20 11:37:12,365 INFO [gfi.app.client.ConsoleRm] - Resultado: Sequence 1
2012-09-20 11:37:15,789 INFO [gfi.app.client.ConsoleRm] - sequence
2012-09-20 11:37:15,795 INFO [gfi.app.client.ConsoleRm] - Resultado: Sequence  1
2012-09-20 11:38:23,019 INFO [gfi.app.client.ConsoleRm] - sequence
2012-09-20 11:38:23,029 INFO [gfi.app.client.ConsoleRm] - Resultado: Sequence  6
2012-09-20 11:38:28,633 INFO [gfi.app.client.ConsoleRm] - sequence
2012-09-20 11:38:28,642 INFO [gfi.app.client.ConsoleRm] - Resultado: Sequence 1
2012-09-20 11:38:31,181 INFO [gfi.app.client.ConsoleRm] - sequence
2012-09-20 11:38:31,186 INFO [gfi.app.client.ConsoleRm] - Resultado: Sequence  1
2012-09-20 11:39:59,613 INFO [gfi.app.client.ConsoleRm] - sequence
2012-09-20 11:39:59,621 INFO [gfi.app.client.ConsoleRm] - Resultado: Sequence  1
2012-09-20 13:19:44,305 INFO [gfi.app.client.ConsoleRm] - sequence
2012-09-20 13:19:44,389 INFO [gfi.app.client.ConsoleRm] - Resultado: |sequence | sequence {show, -reset [long{7}]}|
2012-09-20 13:19:52,753 INFO [gfi.app.client.ConsoleRm] - sequence
2012-09-20 13:19:52,762 INFO [gfi.app.client.ConsoleRm] - Resultado: Sequence  6
2012-09-20 13:20:04,453 INFO [gfi.app.client.ConsoleRm] - sequence
2012-09-20 13:20:04,459 INFO [gfi.app.client.ConsoleRm] - Resultado: Sequence 1
2012-09-20 13:20:15,289 INFO [gfi.app.client.ConsoleRm] - sequence
2012-09-20 13:20:15,296 INFO [gfi.app.client.ConsoleRm] - Resultado: Sequence  1
2012-09-20 13:20:26,473 INFO [gfi.app.client.ConsoleRm] - sequence
2012-09-20 13:20:26,479 INFO [gfi.app.client.ConsoleRm] - Resultado: Sequence  1
2012-09-20 14:28:54,713 INFO [gfi.app.client.ConsoleRm] - sequence
2012-09-20 14:28:54,720 INFO [gfi.app.client.ConsoleRm] - Resultado: Sequence  6
2012-09-20 14:29:10,693 INFO [gfi.app.client.ConsoleRm] - sequence
2012-09-20 14:29:10,700 INFO [gfi.app.client.ConsoleRm] - Resultado: Sequence 1
2012-09-20 14:29:12,597 INFO [gfi.app.client.ConsoleRm] - sequence
2012-09-20 14:29:12,602 INFO [gfi.app.client.ConsoleRm] - Resultado: Sequence  1
2012-09-20 15:12:59,253 INFO [gfi.app.client.ConsoleRm] - sequence
2012-09-20 15:12:59,259 INFO [gfi.app.client.ConsoleRm] - Resultado: Sequence  6
2012-09-20 15:13:28,545 INFO [gfi.app.client.ConsoleRm] - sequence
2012-09-20 15:13:28,552 INFO [gfi.app.client.ConsoleRm] - Resultado: Sequence 2
2012-09-20 15:13:35,697 INFO [gfi.app.client.ConsoleRm] - sequence
2012-09-20 15:13:35,704 INFO [gfi.app.client.ConsoleRm] - Resultado: Sequence  2
2012-09-20 15:18:03,874 INFO [gfi.app.client.ConsoleRm] - sequence
2012-09-20 15:18:03,882 INFO [gfi.app.client.ConsoleRm] - Resultado: Sequence  5
2012-09-20 15:18:33,109 INFO [gfi.app.client.ConsoleRm] - sequence
2012-09-20 15:18:33,117 INFO [gfi.app.client.ConsoleRm] - Resultado: Sequence 2
2012-09-20 15:19:08,729 INFO [gfi.app.client.ConsoleRm] - sequence
2012-09-20 15:19:08,736 INFO [gfi.app.client.ConsoleRm] - Resultado: Sequence  1
2012-09-20 15:20:24,289 INFO [gfi.app.client.ConsoleRm] - sequence
2012-09-20 15:20:24,357 INFO [gfi.app.client.ConsoleRm] - Resultado: Sequence  5
2012-09-20 15:20:31,913 INFO [gfi.app.client.ConsoleRm] - sequence
2012-09-20 15:20:31,921 INFO [gfi.app.client.ConsoleRm] - Resultado: Sequence 2
2012-09-20 15:20:33,721 INFO [gfi.app.client.ConsoleRm] - sequence
2012-09-20 15:20:33,726 INFO [gfi.app.client.ConsoleRm] - Resultado: Sequence  1
2012-09-20 15:28:12,781 INFO [gfi.app.client.ConsoleRm] - sequence
2012-09-20 15:28:12,859 INFO [gfi.app.client.ConsoleRm] - Resultado: Sequence  5
2012-09-20 15:28:16,037 INFO [gfi.app.client.ConsoleRm] - sequence
2012-09-20 15:28:16,047 INFO [gfi.app.client.ConsoleRm] - Resultado: Sequence 2
2012-09-20 15:28:17,913 INFO [gfi.app.client.ConsoleRm] - sequence
2012-09-20 15:28:17,918 INFO [gfi.app.client.ConsoleRm] - Resultado: Sequence  1
2012-09-20 15:29:39,421 INFO [gfi.app.client.ConsoleRm] - sequence
2012-09-20 15:29:39,427 INFO [gfi.app.client.ConsoleRm] - Resultado: Sequence  4
2012-09-20 15:30:12,357 INFO [gfi.app.client.ConsoleRm] - sequence
2012-09-20 15:30:12,363 INFO [gfi.app.client.ConsoleRm] - Resultado: Sequence 2
2012-09-20 15:30:18,517 INFO [gfi.app.client.ConsoleRm] - sequence
2012-09-20 15:30:18,528 INFO [gfi.app.client.ConsoleRm] - Resultado: Sequence  1
2012-09-20 15:46:46,465 INFO [gfi.app.client.ConsoleRm] - sequence
2012-09-20 15:46:46,568 INFO [gfi.app.client.ConsoleRm] - Resultado: Sequence  1
2012-09-20 15:46:49,157 INFO [gfi.app.client.ConsoleRm] - sequence
2012-09-20 15:46:49,162 INFO [gfi.app.client.ConsoleRm] - Resultado: Sequence  1
2012-09-20 15:47:25,565 INFO [gfi.app.client.ConsoleRm] - sequence
2012-09-20 15:47:25,571 INFO [gfi.app.client.ConsoleRm] - Resultado: Sequence  1
2012-09-20 15:47:52,309 INFO [gfi.app.client.ConsoleRm] - sequence
2012-09-20 15:47:52,317 INFO [gfi.app.client.ConsoleRm] - Resultado: Sequence 101
2012-09-20 15:47:57,533 INFO [gfi.app.client.ConsoleRm] - sequence
2012-09-20 15:47:57,547 INFO [gfi.app.client.ConsoleRm] - Resultado: Sequence  100
2012-09-20 15:54:16,709 INFO [gfi.app.client.ConsoleRm] - sequence
2012-09-20 15:54:16,715 INFO [gfi.app.client.ConsoleRm] - Resultado: Sequence  100
2012-09-20 15:54:26,121 INFO [gfi.app.client.ConsoleRm] - sequence
2012-09-20 15:54:26,127 INFO [gfi.app.client.ConsoleRm] - Resultado: Sequence 2
2012-09-20 15:54:30,049 INFO [gfi.app.client.ConsoleRm] - sequence
2012-09-20 15:54:30,054 INFO [gfi.app.client.ConsoleRm] - Resultado: Sequence  1
2012-09-20 15:54:31,705 INFO [gfi.app.client.ConsoleRm] - sequence
2012-09-20 15:54:31,711 INFO [gfi.app.client.ConsoleRm] - Resultado: Sequence  1
2012-09-20 15:54:32,425 INFO [gfi.app.client.ConsoleRm] - sequence
2012-09-20 15:54:32,429 INFO [gfi.app.client.ConsoleRm] - Resultado: Sequence  1
2012-09-20 15:54:33,053 INFO [gfi.app.client.ConsoleRm] - sequence
2012-09-20 15:54:33,057 INFO [gfi.app.client.ConsoleRm] - Resultado: Sequence  1
2012-09-20 15:54:33,685 INFO [gfi.app.client.ConsoleRm] - sequence
2012-09-20 15:54:33,689 INFO [gfi.app.client.ConsoleRm] - Resultado: Sequence  1
2012-09-20 15:54:34,301 INFO [gfi.app.client.ConsoleRm] - sequence
2012-09-20 15:54:34,310 INFO [gfi.app.client.ConsoleRm] - Resultado: Sequence  1
2012-09-20 15:54:34,913 INFO [gfi.app.client.ConsoleRm] - sequence
2012-09-20 15:54:34,917 INFO [gfi.app.client.ConsoleRm] - Resultado: Sequence  1
2012-09-20 15:54:35,497 INFO [gfi.app.client.ConsoleRm] - sequence
2012-09-20 15:54:35,506 INFO [gfi.app.client.ConsoleRm] - Resultado: Sequence  1
2012-09-20 15:54:36,081 INFO [gfi.app.client.ConsoleRm] - sequence
2012-09-20 15:54:36,086 INFO [gfi.app.client.ConsoleRm] - Resultado: Sequence  1
2012-09-20 15:54:36,681 INFO [gfi.app.client.ConsoleRm] - sequence
2012-09-20 15:54:36,685 INFO [gfi.app.client.ConsoleRm] - Resultado: Sequence  1
2012-09-20 15:54:37,249 INFO [gfi.app.client.ConsoleRm] - sequence
2012-09-20 15:54:37,254 INFO [gfi.app.client.ConsoleRm] - Resultado: Sequence  1
2012-09-20 15:54:37,849 INFO [gfi.app.client.ConsoleRm] - sequence
2012-09-20 15:54:37,853 INFO [gfi.app.client.ConsoleRm] - Resultado: Sequence  1
2012-09-20 15:54:38,417 INFO [gfi.app.client.ConsoleRm] - sequence
2012-09-20 15:54:38,421 INFO [gfi.app.client.ConsoleRm] - Resultado: Sequence  1
2012-09-20 15:54:39,001 INFO [gfi.app.client.ConsoleRm] - sequence
2012-09-20 15:54:39,008 INFO [gfi.app.client.ConsoleRm] - Resultado: Sequence  1
2012-09-20 15:54:39,549 INFO [gfi.app.client.ConsoleRm] - sequence
2012-09-20 15:54:39,553 INFO [gfi.app.client.ConsoleRm] - Resultado: Sequence  1
2012-09-20 15:54:40,121 INFO [gfi.app.client.ConsoleRm] - sequence
2012-09-20 15:54:40,126 INFO [gfi.app.client.ConsoleRm] - Resultado: Sequence  1
2012-09-20 15:54:40,677 INFO [gfi.app.client.ConsoleRm] - sequence
2012-09-20 15:54:40,681 INFO [gfi.app.client.ConsoleRm] - Resultado: Sequence  1
2012-09-20 15:54:41,249 INFO [gfi.app.client.ConsoleRm] - sequence
2012-09-20 15:54:41,254 INFO [gfi.app.client.ConsoleRm] - Resultado: Sequence  1
2012-09-20 15:54:41,805 INFO [gfi.app.client.ConsoleRm] - sequence
2012-09-20 15:54:41,809 INFO [gfi.app.client.ConsoleRm] - Resultado: Sequence  1
2012-09-20 15:54:42,869 INFO [gfi.app.client.ConsoleRm] - sequence
2012-09-20 15:54:42,874 INFO [gfi.app.client.ConsoleRm] - Resultado: Sequence  1
2012-09-20 15:58:56,373 INFO [gfi.app.client.ConsoleRm] - sequence
2012-09-20 15:58:56,441 INFO [gfi.app.client.ConsoleRm] - Resultado: Sequence  1
2012-09-20 16:12:34,765 INFO [gfi.app.client.ConsoleRm] - sequence
2012-09-20 16:12:34,773 INFO [gfi.app.client.ConsoleRm] - Resultado: Sequence  1
2012-09-20 16:12:39,001 INFO [gfi.app.client.ConsoleRm] - sequence
2012-09-20 16:12:39,007 INFO [gfi.app.client.ConsoleRm] - Resultado: Sequence  1
2012-09-20 16:24:48,453 INFO [gfi.app.client.ConsoleRm] - sequence
2012-09-20 16:24:48,460 INFO [gfi.app.client.ConsoleRm] - Resultado: Sequence  1
2012-09-25 19:04:16,204 ERROR [gfi.app.client.ConsoleRm] - Input/output error
2012-09-27 20:45:58,896 INFO [gfi.app.client.ConsoleRm] - sequence
2012-09-27 20:45:58,990 INFO [gfi.app.client.ConsoleRm] - Resultado: Sequence  5
2012-09-27 20:46:09,937 INFO [gfi.app.client.ConsoleRm] - sequence
2012-09-27 20:46:09,946 INFO [gfi.app.client.ConsoleRm] - Resultado: Sequence 2
2012-09-27 20:49:02,807 INFO [gfi.app.client.ConsoleRm] - sequence
2012-09-27 20:49:02,876 INFO [gfi.app.client.ConsoleRm] - Resultado: Sequence 2
2012-09-27 20:54:14,551 INFO [gfi.app.client.ConsoleRm] - sequence
2012-09-27 20:54:14,620 INFO [gfi.app.client.ConsoleRm] - Resultado: Sequence 2
2012-09-27 20:54:38,778 INFO [gfi.app.client.ConsoleRm] - sequence
2012-09-27 20:54:38,800 INFO [gfi.app.client.ConsoleRm] - Resultado: Sequence  5
2012-09-27 20:54:52,271 INFO [gfi.app.client.ConsoleRm] - sequence
2012-09-27 20:54:52,278 INFO [gfi.app.client.ConsoleRm] - Resultado: Sequence 2
2012-09-27 20:55:27,278 INFO [gfi.app.client.ConsoleRm] - sequence
2012-09-27 20:55:27,288 INFO [gfi.app.client.ConsoleRm] - Resultado: Sequence  38689
2012-09-28 00:34:17,114 INFO [gfi.app.client.ConsoleRm] - sequence
2012-09-28 00:34:17,120 INFO [gfi.app.client.ConsoleRm] - Resultado: Sequence 2
2012-09-28 00:47:59,942 INFO [gfi.app.client.ConsoleRm] - sequence
2012-09-28 00:47:59,948 INFO [gfi.app.client.ConsoleRm] - Resultado: Sequence 2
2012-09-28 00:54:28,119 INFO [gfi.app.client.ConsoleRm] - sequence
2012-09-28 00:54:28,190 INFO [gfi.app.client.ConsoleRm] - Resultado: Sequence 2
2012-09-28 02:01:39,375 INFO [gfi.app.client.ConsoleRm] - sequence
2012-09-28 02:01:39,416 INFO [gfi.app.client.ConsoleRm] - Resultado: Sequence  38689
2012-09-28 02:02:52,198 INFO [gfi.app.client.ConsoleRm] - sequence
2012-09-28 02:02:52,206 INFO [gfi.app.client.ConsoleRm] - Resultado: Sequence 2
2012-09-28 02:05:28,722 INFO [gfi.app.client.ConsoleRm] - sequence
2012-09-28 02:05:28,789 INFO [gfi.app.client.ConsoleRm] - Resultado: Sequence  38689
2012-09-28 02:05:38,226 INFO [gfi.app.client.ConsoleRm] - sequence
2012-09-28 02:05:38,234 INFO [gfi.app.client.ConsoleRm] - Resultado: Sequence 2
2012-09-28 09:29:08,537 INFO [gfi.app.client.ConsoleRm] - sequence
2012-09-28 09:29:10,791 INFO [gfi.app.client.ConsoleRm] - Resultado: Sequence  416583
2012-09-28 09:30:19,546 INFO [gfi.app.client.ConsoleRm] - sequence
2012-09-28 09:30:19,554 INFO [gfi.app.client.ConsoleRm] - Resultado: Sequence  423594
2012-09-28 09:30:34,858 INFO [gfi.app.client.ConsoleRm] - sequence
2012-09-28 09:30:34,866 INFO [gfi.app.client.ConsoleRm] - Resultado: Sequence  424973
2012-09-28 09:30:40,710 INFO [gfi.app.client.ConsoleRm] - sequence
2012-09-28 09:30:40,718 INFO [gfi.app.client.ConsoleRm] - Resultado: Sequence  425388
2012-09-28 09:30:43,010 INFO [gfi.app.client.ConsoleRm] - sequence
2012-09-28 09:30:43,016 INFO [gfi.app.client.ConsoleRm] - Resultado: Sequence  425548
2012-09-28 09:30:44,274 INFO [gfi.app.client.ConsoleRm] - sequence
2012-09-28 09:30:44,280 INFO [gfi.app.client.ConsoleRm] - Resultado: Sequence  425648
2012-09-28 09:30:45,222 INFO [gfi.app.client.ConsoleRm] - sequence
2012-09-28 09:30:45,253 INFO [gfi.app.client.ConsoleRm] - Resultado: Sequence  425736
2012-09-28 09:30:46,170 INFO [gfi.app.client.ConsoleRm] - sequence
2012-09-28 09:30:46,176 INFO [gfi.app.client.ConsoleRm] - Resultado: Sequence  425802
2012-09-28 09:30:46,890 INFO [gfi.app.client.ConsoleRm] - sequence
2012-09-28 09:30:47,194 INFO [gfi.app.client.ConsoleRm] - Resultado: Sequence  425843
2012-09-28 09:34:08,854 INFO [gfi.app.client.ConsoleRm] - sequence
2012-09-28 09:34:08,862 INFO [gfi.app.client.ConsoleRm] - Resultado: Sequence  444928
2012-09-28 09:34:28,766 INFO [gfi.app.client.ConsoleRm] - sequence
2012-09-28 09:34:28,774 INFO [gfi.app.client.ConsoleRm] - Resultado: Sequence  446223
2012-09-28 09:34:42,206 INFO [gfi.app.client.ConsoleRm] - sequence
2012-09-28 09:34:42,214 INFO [gfi.app.client.ConsoleRm] - Resultado: Sequence  447779
2012-09-28 09:35:44,394 INFO [gfi.app.client.ConsoleRm] - sequence
2012-09-28 09:35:44,403 INFO [gfi.app.client.ConsoleRm] - Resultado: Sequence 2
2012-09-28 09:35:50,742 INFO [gfi.app.client.ConsoleRm] - sequence
2012-09-28 09:35:50,787 INFO [gfi.app.client.ConsoleRm] - Resultado: Sequence  2105
2012-09-28 09:35:53,726 INFO [gfi.app.client.ConsoleRm] - sequence
2012-09-28 09:35:53,762 INFO [gfi.app.client.ConsoleRm] - Resultado: Sequence  3004
2012-09-28 09:37:09,498 INFO [gfi.app.client.ConsoleRm] - sequence
2012-09-28 09:37:09,562 INFO [gfi.app.client.ConsoleRm] - Resultado: Sequence  23130
2012-09-28 09:47:28,794 INFO [gfi.app.client.ConsoleRm] - sequence
2012-09-28 09:47:28,827 INFO [gfi.app.client.ConsoleRm] - Resultado: Sequence  191713
2012-09-28 09:47:41,702 INFO [gfi.app.client.ConsoleRm] - sequence
2012-09-28 09:47:41,709 INFO [gfi.app.client.ConsoleRm] - Resultado: Sequence  195421
2012-09-28 10:00:16,138 INFO [gfi.app.client.ConsoleRm] - sequence
2012-09-28 10:00:16,145 INFO [gfi.app.client.ConsoleRm] - Resultado: Sequence  397917
2012-09-28 10:04:53,806 INFO [gfi.app.client.ConsoleRm] - sequence
2012-09-28 10:04:53,814 INFO [gfi.app.client.ConsoleRm] - Resultado: Sequence  470553
2012-09-28 10:15:17,930 INFO [gfi.app.client.ConsoleRm] - sequence
2012-09-28 10:15:17,938 INFO [gfi.app.client.ConsoleRm] - Resultado: Sequence  630093
2012-09-28 10:15:21,726 INFO [gfi.app.client.ConsoleRm] - sequence
2012-09-28 10:15:21,733 INFO [gfi.app.client.ConsoleRm] - Resultado: Sequence  631061
2012-09-28 10:15:25,246 INFO [gfi.app.client.ConsoleRm] - sequence
2012-09-28 10:15:25,252 INFO [gfi.app.client.ConsoleRm] - Resultado: Sequence  631993
2012-09-28 10:22:02,050 INFO [gfi.app.client.ConsoleRm] - sequence
2012-09-28 10:22:02,110 INFO [gfi.app.client.ConsoleRm] - Resultado: Sequence  709284
2012-09-28 10:34:30,729 ERROR [gfi.app.client.ConsoleRm] - Input/output error
2012-09-28 10:56:03,755 INFO [gfi.app.client.ConsoleRm] - sequence
2012-09-28 10:56:03,781 INFO [gfi.app.client.ConsoleRm] - Resultado: Sequence  77714
2012-09-28 10:56:07,658 INFO [gfi.app.client.ConsoleRm] - sequence
2012-09-28 10:56:07,664 INFO [gfi.app.client.ConsoleRm] - Resultado: Sequence  78997
2012-09-28 10:56:09,986 INFO [gfi.app.client.ConsoleRm] - sequence
2012-09-28 10:56:09,993 INFO [gfi.app.client.ConsoleRm] - Resultado: Sequence  79740
2012-09-28 10:56:11,858 INFO [gfi.app.client.ConsoleRm] - sequence
2012-09-28 10:56:11,864 INFO [gfi.app.client.ConsoleRm] - Resultado: Sequence  80373
2012-09-28 10:56:13,214 INFO [gfi.app.client.ConsoleRm] - sequence
2012-09-28 10:56:13,221 INFO [gfi.app.client.ConsoleRm] - Resultado: Sequence  80822
2012-09-28 10:56:17,106 INFO [gfi.app.client.ConsoleRm] - sequence
2012-09-28 10:56:17,112 INFO [gfi.app.client.ConsoleRm] - Resultado: Sequence  82105
2012-09-28 10:56:19,722 INFO [gfi.app.client.ConsoleRm] - sequence
2012-09-28 10:56:19,728 INFO [gfi.app.client.ConsoleRm] - Resultado: Sequence  82921
2012-09-28 10:56:21,574 INFO [gfi.app.client.ConsoleRm] - sequence
2012-09-28 10:56:21,580 INFO [gfi.app.client.ConsoleRm] - Resultado: Sequence  83531
2012-09-28 10:56:24,146 INFO [gfi.app.client.ConsoleRm] - sequence
2012-09-28 10:56:24,151 INFO [gfi.app.client.ConsoleRm] - Resultado: Sequence  84375
2012-09-28 10:56:26,674 INFO [gfi.app.client.ConsoleRm] - sequence
2012-09-28 10:56:26,680 INFO [gfi.app.client.ConsoleRm] - Resultado: Sequence  85208
2012-09-28 10:56:29,098 INFO [gfi.app.client.ConsoleRm] - sequence
2012-09-28 10:56:29,105 INFO [gfi.app.client.ConsoleRm] - Resultado: Sequence  86010
2012-09-28 10:56:32,654 INFO [gfi.app.client.ConsoleRm] - sequence
2012-09-28 10:56:32,660 INFO [gfi.app.client.ConsoleRm] - Resultado: Sequence  87187
2012-09-28 10:56:34,194 INFO [gfi.app.client.ConsoleRm] - sequence
2012-09-28 10:56:34,232 INFO [gfi.app.client.ConsoleRm] - Resultado: Sequence  87700
2012-09-28 10:56:35,802 INFO [gfi.app.client.ConsoleRm] - sequence
2012-09-28 10:56:35,807 INFO [gfi.app.client.ConsoleRm] - Resultado: Sequence  88234
2012-09-28 10:56:37,266 INFO [gfi.app.client.ConsoleRm] - sequence
2012-09-28 10:56:37,273 INFO [gfi.app.client.ConsoleRm] - Resultado: Sequence  88718
2012-09-28 10:56:38,654 INFO [gfi.app.client.ConsoleRm] - sequence
2012-09-28 10:56:38,661 INFO [gfi.app.client.ConsoleRm] - Resultado: Sequence  89177
2012-09-28 11:06:08,558 INFO [gfi.app.client.ConsoleRm] - sequence
2012-09-28 11:06:08,566 INFO [gfi.app.client.ConsoleRm] - Resultado: Sequence  272197
2012-09-28 11:06:10,882 INFO [gfi.app.client.ConsoleRm] - sequence
2012-09-28 11:06:10,888 INFO [gfi.app.client.ConsoleRm] - Resultado: Sequence  272958
2012-09-28 11:06:11,922 INFO [gfi.app.client.ConsoleRm] - sequence
2012-09-28 11:06:11,928 INFO [gfi.app.client.ConsoleRm] - Resultado: Sequence  273306
2012-09-28 11:06:12,986 INFO [gfi.app.client.ConsoleRm] - sequence
2012-09-28 11:06:12,992 INFO [gfi.app.client.ConsoleRm] - Resultado: Sequence  273659
2012-09-28 11:06:14,078 INFO [gfi.app.client.ConsoleRm] - sequence
2012-09-28 11:06:14,084 INFO [gfi.app.client.ConsoleRm] - Resultado: Sequence  273948
2012-09-28 11:06:15,026 INFO [gfi.app.client.ConsoleRm] - sequence
2012-09-28 11:06:15,035 INFO [gfi.app.client.ConsoleRm] - Resultado: Sequence  274330
2012-09-28 11:10:10,890 INFO [gfi.app.client.ConsoleRm] - sequence
2012-09-28 11:10:10,897 INFO [gfi.app.client.ConsoleRm] - Resultado: Sequence  348859
2012-09-28 11:12:31,846 INFO [gfi.app.client.ConsoleRm] - sequence
2012-09-28 11:12:31,853 INFO [gfi.app.client.ConsoleRm] - Resultado: Sequence  394216
2012-09-28 11:13:44,014 INFO [gfi.app.client.ConsoleRm] - sequence
2012-09-28 11:13:44,023 INFO [gfi.app.client.ConsoleRm] - Resultado: Sequence  417255
2012-09-28 11:16:22,914 INFO [gfi.app.client.ConsoleRm] - sequence
2012-09-28 11:16:22,922 INFO [gfi.app.client.ConsoleRm] - Resultado: Sequence  468676
2012-09-28 11:16:26,190 INFO [gfi.app.client.ConsoleRm] - sequence
2012-09-28 11:16:26,196 INFO [gfi.app.client.ConsoleRm] - Resultado: Sequence  469757
2012-09-28 11:16:28,334 INFO [gfi.app.client.ConsoleRm] - sequence
2012-09-28 11:16:28,340 INFO [gfi.app.client.ConsoleRm] - Resultado: Sequence  470460
2012-09-28 11:19:41,406 INFO [gfi.app.client.ConsoleRm] - sequence
2012-09-28 11:19:41,413 INFO [gfi.app.client.ConsoleRm] - Resultado: Sequence  532476
2012-09-28 11:24:24,422 INFO [gfi.app.client.ConsoleRm] - sequence
2012-09-28 11:24:24,429 INFO [gfi.app.client.ConsoleRm] - Resultado: Sequence  623200
2012-09-28 11:24:26,154 INFO [gfi.app.client.ConsoleRm] - sequence
2012-09-28 11:24:26,161 INFO [gfi.app.client.ConsoleRm] - Resultado: Sequence  623771
2012-09-28 11:24:27,346 INFO [gfi.app.client.ConsoleRm] - sequence
2012-09-28 11:24:27,352 INFO [gfi.app.client.ConsoleRm] - Resultado: Sequence  624162
2012-09-28 11:24:28,422 INFO [gfi.app.client.ConsoleRm] - sequence
2012-09-28 11:24:28,428 INFO [gfi.app.client.ConsoleRm] - Resultado: Sequence  624517
2012-09-28 12:03:03,542 INFO [gfi.app.client.ConsoleRm] - sequence
2012-09-28 12:03:03,760 INFO [gfi.app.client.ConsoleRm] - Resultado: Sequence  1172402
2012-09-28 12:03:06,170 INFO [gfi.app.client.ConsoleRm] - sequence
2012-09-28 12:03:06,176 INFO [gfi.app.client.ConsoleRm] - Resultado: Sequence  1172402
2012-09-28 12:03:08,398 INFO [gfi.app.client.ConsoleRm] - sequence
2012-09-28 12:03:08,407 INFO [gfi.app.client.ConsoleRm] - Resultado: Sequence  1172580
2012-09-28 12:03:11,198 INFO [gfi.app.client.ConsoleRm] - sequence
2012-09-28 12:03:11,205 INFO [gfi.app.client.ConsoleRm] - Resultado: Sequence  1172732
2012-09-28 12:16:39,470 INFO [gfi.app.client.ConsoleRm] - sequence
2012-09-28 12:16:39,490 INFO [gfi.app.client.ConsoleRm] - Resultado: Sequence  1234748
2012-09-28 12:16:46,726 INFO [gfi.app.client.ConsoleRm] - sequence
2012-09-28 12:16:46,735 INFO [gfi.app.client.ConsoleRm] - Resultado: Sequence  1234899
2012-09-28 12:39:20,506 INFO [gfi.app.client.ConsoleRm] - sequence
2012-09-28 12:39:20,513 INFO [gfi.app.client.ConsoleRm] - Resultado: Sequence  1322249
2012-09-28 13:12:28,794 INFO [gfi.app.client.ConsoleRm] - sequence
2012-09-28 13:12:28,802 INFO [gfi.app.client.ConsoleRm] - Resultado: Sequence  1438741
2012-09-28 13:35:21,562 INFO [gfi.app.client.ConsoleRm] - sequence
2012-09-28 13:35:21,570 INFO [gfi.app.client.ConsoleRm] - Resultado: Sequence  1535637
2012-09-28 13:55:04,030 INFO [gfi.app.client.ConsoleRm] - sequence
2012-09-28 13:55:04,037 INFO [gfi.app.client.ConsoleRm] - Resultado: Sequence  1609455
2012-09-28 16:34:15,258 INFO [gfi.app.client.ConsoleRm] - sequence
2012-09-28 16:34:15,265 INFO [gfi.app.client.ConsoleRm] - Resultado: Sequence  1971930
2012-09-28 16:34:19,082 INFO [gfi.app.client.ConsoleRm] - sequence
2012-09-28 16:34:19,087 INFO [gfi.app.client.ConsoleRm] - Resultado: Sequence  1971930
2012-10-01 08:18:52,083 INFO [gfi.app.client.ConsoleRm] - sequence
2012-10-01 08:18:53,610 INFO [gfi.app.client.ConsoleRm] - Resultado: Sequence  9641
2012-10-01 14:11:00,304 INFO [gfi.app.client.ConsoleRm] - sequence
2012-10-01 14:11:01,423 INFO [gfi.app.client.ConsoleRm] - Resultado: Sequence  1570827
2012-10-01 14:11:04,299 INFO [gfi.app.client.ConsoleRm] - sequence
2012-10-01 14:11:04,435 INFO [gfi.app.client.ConsoleRm] - Resultado: Sequence  1571008
2012-10-01 14:11:06,651 INFO [gfi.app.client.ConsoleRm] - sequence
2012-10-01 14:11:06,658 INFO [gfi.app.client.ConsoleRm] - Resultado: Sequence  1571409
2012-10-01 14:11:07,655 INFO [gfi.app.client.ConsoleRm] - sequence
2012-10-01 14:11:07,662 INFO [gfi.app.client.ConsoleRm] - Resultado: Sequence  1571600
2012-10-01 14:11:08,427 INFO [gfi.app.client.ConsoleRm] - sequence
2012-10-01 14:11:08,433 INFO [gfi.app.client.ConsoleRm] - Resultado: Sequence  1571656
2012-10-01 14:11:09,231 INFO [gfi.app.client.ConsoleRm] - sequence
2012-10-01 14:11:09,237 INFO [gfi.app.client.ConsoleRm] - Resultado: Sequence  1571850
2012-10-01 14:11:09,915 INFO [gfi.app.client.ConsoleRm] - sequence
2012-10-01 14:11:09,940 INFO [gfi.app.client.ConsoleRm] - Resultado: Sequence  1571881
2012-10-01 14:11:10,659 INFO [gfi.app.client.ConsoleRm] - sequence
2012-10-01 14:11:10,681 INFO [gfi.app.client.ConsoleRm] - Resultado: Sequence  1571915
2012-10-01 14:11:11,303 INFO [gfi.app.client.ConsoleRm] - sequence
2012-10-01 14:11:11,309 INFO [gfi.app.client.ConsoleRm] - Resultado: Sequence  1571943
2012-10-01 14:11:11,971 INFO [gfi.app.client.ConsoleRm] - sequence
2012-10-01 14:11:11,977 INFO [gfi.app.client.ConsoleRm] - Resultado: Sequence  1572020
2012-10-01 14:11:12,635 INFO [gfi.app.client.ConsoleRm] - sequence
2012-10-01 14:11:12,641 INFO [gfi.app.client.ConsoleRm] - Resultado: Sequence  1572110
2012-10-01 14:11:13,307 INFO [gfi.app.client.ConsoleRm] - sequence
2012-10-01 14:11:13,313 INFO [gfi.app.client.ConsoleRm] - Resultado: Sequence  1572170
2012-10-01 14:11:13,979 INFO [gfi.app.client.ConsoleRm] - sequence
2012-10-01 14:11:13,990 INFO [gfi.app.client.ConsoleRm] - Resultado: Sequence  1572296
2012-10-01 14:11:14,675 INFO [gfi.app.client.ConsoleRm] - sequence
2012-10-01 14:11:14,681 INFO [gfi.app.client.ConsoleRm] - Resultado: Sequence  1572411
2012-10-01 14:11:15,343 INFO [gfi.app.client.ConsoleRm] - sequence
2012-10-01 14:11:15,349 INFO [gfi.app.client.ConsoleRm] - Resultado: Sequence  1572460
2012-10-01 14:11:15,947 INFO [gfi.app.client.ConsoleRm] - sequence
2012-10-01 14:11:15,953 INFO [gfi.app.client.ConsoleRm] - Resultado: Sequence  1572495
2012-10-01 14:11:16,543 INFO [gfi.app.client.ConsoleRm] - sequence
2012-10-01 14:11:16,549 INFO [gfi.app.client.ConsoleRm] - Resultado: Sequence  1572524
2012-10-01 14:11:17,155 INFO [gfi.app.client.ConsoleRm] - sequence
2012-10-01 14:11:17,161 INFO [gfi.app.client.ConsoleRm] - Resultado: Sequence  1572582
2012-10-01 14:11:17,803 INFO [gfi.app.client.ConsoleRm] - sequence
2012-10-01 14:11:17,808 INFO [gfi.app.client.ConsoleRm] - Resultado: Sequence  1572670
2012-10-01 14:11:18,395 INFO [gfi.app.client.ConsoleRm] - sequence
2012-10-01 14:11:18,401 INFO [gfi.app.client.ConsoleRm] - Resultado: Sequence  1572712
2012-10-01 14:11:19,011 INFO [gfi.app.client.ConsoleRm] - sequence
2012-10-01 14:11:19,017 INFO [gfi.app.client.ConsoleRm] - Resultado: Sequence  1572756
2012-10-01 14:11:19,655 INFO [gfi.app.client.ConsoleRm] - sequence
2012-10-01 14:11:19,660 INFO [gfi.app.client.ConsoleRm] - Resultado: Sequence  1572790
2012-10-01 14:11:20,279 INFO [gfi.app.client.ConsoleRm] - sequence
2012-10-01 14:11:20,285 INFO [gfi.app.client.ConsoleRm] - Resultado: Sequence  1572810
2012-10-01 14:11:20,915 INFO [gfi.app.client.ConsoleRm] - sequence
2012-10-01 14:11:20,920 INFO [gfi.app.client.ConsoleRm] - Resultado: Sequence  1572831
2012-10-01 14:11:21,547 INFO [gfi.app.client.ConsoleRm] - sequence
2012-10-01 14:11:21,552 INFO [gfi.app.client.ConsoleRm] - Resultado: Sequence  1572864
2012-10-01 14:11:22,179 INFO [gfi.app.client.ConsoleRm] - sequence
2012-10-01 14:11:22,185 INFO [gfi.app.client.ConsoleRm] - Resultado: Sequence  1572898
2012-10-01 14:11:22,843 INFO [gfi.app.client.ConsoleRm] - sequence
2012-10-01 14:11:22,849 INFO [gfi.app.client.ConsoleRm] - Resultado: Sequence  1572927
2012-10-01 14:11:23,467 INFO [gfi.app.client.ConsoleRm] - sequence
2012-10-01 14:11:23,474 INFO [gfi.app.client.ConsoleRm] - Resultado: Sequence  1572969
2012-10-01 14:11:24,063 INFO [gfi.app.client.ConsoleRm] - sequence
2012-10-01 14:11:24,070 INFO [gfi.app.client.ConsoleRm] - Resultado: Sequence  1572997
2012-10-01 14:11:24,687 INFO [gfi.app.client.ConsoleRm] - sequence
2012-10-01 14:11:24,692 INFO [gfi.app.client.ConsoleRm] - Resultado: Sequence  1573056
2012-10-01 14:11:25,383 INFO [gfi.app.client.ConsoleRm] - sequence
2012-10-01 14:11:25,390 INFO [gfi.app.client.ConsoleRm] - Resultado: Sequence  1573070
2012-10-01 14:11:26,007 INFO [gfi.app.client.ConsoleRm] - sequence
2012-10-01 14:11:26,012 INFO [gfi.app.client.ConsoleRm] - Resultado: Sequence  1573084
2012-10-01 14:11:26,651 INFO [gfi.app.client.ConsoleRm] - sequence
2012-10-01 14:11:26,657 INFO [gfi.app.client.ConsoleRm] - Resultado: Sequence  1573108
2012-10-01 14:11:27,355 INFO [gfi.app.client.ConsoleRm] - sequence
2012-10-01 14:11:27,385 INFO [gfi.app.client.ConsoleRm] - Resultado: Sequence  1573120
2012-10-01 17:42:38,770 INFO [gfi.app.client.ConsoleRm] - sequence
2012-10-01 17:42:38,975 INFO [gfi.app.client.ConsoleRm] - Resultado: Sequence  1853885
2012-10-01 17:59:42,555 INFO [gfi.app.client.ConsoleRm] - sequence
2012-10-01 17:59:42,562 INFO [gfi.app.client.ConsoleRm] - Resultado: Sequence  1853885
2012-10-01 18:00:56,271 INFO [gfi.app.client.ConsoleRm] - sequence
2012-10-01 18:00:56,278 INFO [gfi.app.client.ConsoleRm] - Resultado: Sequence  1853885
2012-10-02 08:34:11,359 INFO [gfi.app.client.ConsoleRm] - sequence
2012-10-02 08:34:11,911 INFO [gfi.app.client.ConsoleRm] - Resultado: Sequence  45237
2012-10-02 08:36:16,907 INFO [gfi.app.client.ConsoleRm] - babar
2012-10-02 08:36:16,907 INFO [gfi.app.client.ConsoleRm] - No existe el comando, teclea usage para los comandos disponibles
2012-10-02 08:36:38,944 INFO [gfi.app.client.ConsoleRm] - babar
2012-10-02 08:36:38,947 INFO [gfi.app.client.ConsoleRm] - No existe el comando, teclea usage para los comandos disponibles
2012-10-02 08:36:59,487 INFO [gfi.app.client.ConsoleRm] - babar
2012-10-02 08:36:59,487 INFO [gfi.app.client.ConsoleRm] - No existe el comando, teclea usage para los comandos disponibles
2012-10-02 08:37:07,567 INFO [gfi.app.client.ConsoleRm] - sequence
2012-10-02 08:37:07,577 INFO [gfi.app.client.ConsoleRm] - Resultado: |sequence | sequence {show, -reset [long{7}]}|
2012-10-02 08:37:25,019 INFO [gfi.app.client.ConsoleRm] - usage
2012-10-02 08:37:25,027 INFO [gfi.app.client.ConsoleRm] - Resultado: sequence|Message Retransmission in sequence number|@usage|Muestra los Comandos Disponibles|@
2012-10-02 08:38:41,907 INFO [gfi.app.client.ConsoleRm] - bar
2012-10-02 08:38:41,907 INFO [gfi.app.client.ConsoleRm] - No existe el comando, teclea usage para los comandos disponibles
2012-10-02 08:38:51,887 INFO [gfi.app.client.ConsoleRm] - usage
2012-10-02 08:38:51,895 INFO [gfi.app.client.ConsoleRm] - Resultado: sequence|Message Retransmission in sequence number|@usage|Muestra los Comandos Disponibles|@
2012-10-02 08:42:26,067 INFO [gfi.app.client.ConsoleRm] - sequence
2012-10-02 08:42:26,074 INFO [gfi.app.client.ConsoleRm] - Resultado: |sequence | sequence {show, -reset [long{7}]}|
2012-10-02 08:42:32,539 INFO [gfi.app.client.ConsoleRm] - usage
2012-10-02 08:42:32,547 INFO [gfi.app.client.ConsoleRm] - Resultado: sequence|Message Retransmission in sequence number|@usage|Muestra los Comandos Disponibles|@
2012-10-04 18:26:09,554 INFO [gfi.app.client.ConsoleRm] - sequence
2012-10-04 18:26:09,989 INFO [gfi.app.client.ConsoleRm] - Resultado: |sequence | sequence {show, -reset [long{7}]}|
2012-10-04 18:26:17,769 INFO [gfi.app.client.ConsoleRm] - sequence
2012-10-04 18:26:17,777 INFO [gfi.app.client.ConsoleRm] - Resultado: Sequence  38689
2012-10-04 18:26:26,893 INFO [gfi.app.client.ConsoleRm] - sequence
2012-10-04 18:26:26,901 INFO [gfi.app.client.ConsoleRm] - Resultado: Sequence 2
2012-10-04 18:27:29,481 INFO [gfi.app.client.ConsoleRm] - sequence
2012-10-04 18:27:29,514 INFO [gfi.app.client.ConsoleRm] - Resultado: Sequence  38689
2012-10-04 18:35:09,745 INFO [gfi.app.client.ConsoleRm] - sequence
2012-10-04 18:35:09,753 INFO [gfi.app.client.ConsoleRm] - Resultado: Sequence  38689
2012-10-04 18:36:25,729 INFO [gfi.app.client.ConsoleRm] - sequence
2012-10-04 18:36:25,763 INFO [gfi.app.client.ConsoleRm] - Resultado: Sequence  38689
2012-10-04 18:36:27,929 INFO [gfi.app.client.ConsoleRm] - sequence
2012-10-04 18:36:27,934 INFO [gfi.app.client.ConsoleRm] - Resultado: Sequence  38689
2012-10-04 18:37:58,701 INFO [gfi.app.client.ConsoleRm] - sequence
2012-10-04 18:37:58,978 INFO [gfi.app.client.ConsoleRm] - Resultado: Sequence  38689
2012-10-04 18:38:06,069 INFO [gfi.app.client.ConsoleRm] - usage
2012-10-04 18:38:06,077 INFO [gfi.app.client.ConsoleRm] - Resultado: sequence|Message Retransmission in sequence number|@usage|Muestra los Comandos Disponibles|@
2012-10-04 18:38:22,841 INFO [gfi.app.client.ConsoleRm] - sequence
2012-10-04 18:38:22,868 INFO [gfi.app.client.ConsoleRm] - Resultado: |sequence | sequence {show, -reset [long{7}]}|
2012-10-08 12:37:49,736 INFO [gfi.app.client.ConsoleRm] - sequence
2012-10-08 12:37:50,147 INFO [gfi.app.client.ConsoleRm] - Resultado: Sequence  38689
2012-10-08 12:38:00,397 INFO [gfi.app.client.ConsoleRm] - sequence
2012-10-08 12:38:00,406 INFO [gfi.app.client.ConsoleRm] - Resultado: Sequence 2
2012-10-09 09:28:52,604 INFO [gfi.app.client.ConsoleRm] - sequence
2012-10-09 09:28:53,380 INFO [gfi.app.client.ConsoleRm] - Resultado: Sequence  48122
2012-10-09 09:29:08,913 INFO [gfi.app.client.ConsoleRm] - sequence
2012-10-09 09:29:08,921 INFO [gfi.app.client.ConsoleRm] - Resultado: Sequence  53318
2012-10-09 09:29:15,357 INFO [gfi.app.client.ConsoleRm] - sequence
2012-10-09 09:29:15,365 INFO [gfi.app.client.ConsoleRm] - Resultado: Sequence  55438
2012-10-09 09:29:18,857 INFO [gfi.app.client.ConsoleRm] - sequence
2012-10-09 09:29:18,863 INFO [gfi.app.client.ConsoleRm] - Resultado: Sequence  56592
2012-10-09 09:37:30,981 INFO [gfi.app.client.ConsoleRm] - sequence
2012-10-09 09:37:30,989 INFO [gfi.app.client.ConsoleRm] - Resultado: Sequence  213717
2012-10-09 10:35:44,309 INFO [gfi.app.client.ConsoleRm] - sequence
2012-10-09 10:35:44,317 INFO [gfi.app.client.ConsoleRm] - Resultado: Sequence  1038844
2012-10-09 10:49:37,357 INFO [gfi.app.client.ConsoleRm] - sequence
2012-10-09 10:49:37,431 INFO [gfi.app.client.ConsoleRm] - Resultado: Sequence  1137163
2012-10-09 10:49:41,661 INFO [gfi.app.client.ConsoleRm] - sequence
2012-10-09 10:49:41,667 INFO [gfi.app.client.ConsoleRm] - Resultado: Sequence  1137839
2012-10-09 10:50:54,282 INFO [gfi.app.client.ConsoleRm] - sequence
2012-10-09 10:50:54,289 INFO [gfi.app.client.ConsoleRm] - Resultado: Sequence  5
2012-10-09 10:51:25,457 INFO [gfi.app.client.ConsoleRm] - sequence
2012-10-09 10:51:25,465 INFO [gfi.app.client.ConsoleRm] - Resultado: Sequence  5
2012-10-09 10:51:28,449 INFO [gfi.app.client.ConsoleRm] - sequence
2012-10-09 10:51:28,456 INFO [gfi.app.client.ConsoleRm] - Resultado: Sequence 1
2012-10-09 10:54:39,521 INFO [gfi.app.client.ConsoleRm] - sequence
2012-10-09 10:54:39,529 INFO [gfi.app.client.ConsoleRm] - Resultado: Sequence  1
2012-10-09 11:00:43,349 INFO [gfi.app.client.ConsoleRm] - sequence
2012-10-09 11:00:43,406 INFO [gfi.app.client.ConsoleRm] - Resultado: Sequence  5
2012-10-09 11:00:45,581 INFO [gfi.app.client.ConsoleRm] - sequence
2012-10-09 11:00:45,588 INFO [gfi.app.client.ConsoleRm] - Resultado: Sequence 1
2012-10-09 11:26:45,033 INFO [gfi.app.client.ConsoleRm] - sequence
2012-10-09 11:26:45,041 INFO [gfi.app.client.ConsoleRm] - Resultado: Sequence  38689
2012-10-09 11:50:15,533 INFO [gfi.app.client.ConsoleRm] - sequence
2012-10-09 11:50:15,541 INFO [gfi.app.client.ConsoleRm] - Resultado: Sequence  38689
2012-10-09 11:50:17,365 INFO [gfi.app.client.ConsoleRm] - sequence
2012-10-09 11:50:17,374 INFO [gfi.app.client.ConsoleRm] - Resultado: Sequence 1
2012-10-09 15:04:32,895 INFO [gfi.app.client.ConsoleRm] - sequence
2012-10-09 15:04:33,705 ERROR [gfi.app.client.ConsoleRm] - Failed to read server's response: Connection refused
2012-10-09 15:04:58,790 INFO [gfi.app.client.ConsoleRm] - sequence
2012-10-09 15:04:58,818 INFO [gfi.app.client.ConsoleRm] - Resultado: Sequence  2707424
2012-10-10 11:02:28,521 INFO [gfi.app.client.ConsoleRm] - sequence
2012-10-10 11:02:29,771 INFO [gfi.app.client.ConsoleRm] - Resultado: Sequence  1019817
2012-10-10 11:31:27,909 INFO [gfi.app.client.ConsoleRm] - sequence
2012-10-10 11:31:27,917 INFO [gfi.app.client.ConsoleRm] - Resultado: Sequence  1160353
2012-10-10 11:31:52,767 INFO [gfi.app.client.ConsoleRm] - sequence
2012-10-10 11:31:52,799 INFO [gfi.app.client.ConsoleRm] - Resultado: Sequence  38689
2012-10-10 11:31:57,993 INFO [gfi.app.client.ConsoleRm] - sequence
2012-10-10 11:31:58,004 INFO [gfi.app.client.ConsoleRm] - Resultado: Sequence 1
2012-10-10 11:39:24,897 INFO [gfi.app.client.ConsoleRm] - sequence
2012-10-10 11:39:24,905 INFO [gfi.app.client.ConsoleRm] - Resultado: Sequence  38689
2012-10-10 11:39:27,769 INFO [gfi.app.client.ConsoleRm] - sequence
2012-10-10 11:39:27,799 INFO [gfi.app.client.ConsoleRm] - Resultado: Sequence 1
2012-10-10 11:40:21,105 INFO [gfi.app.client.ConsoleRm] - sequence
2012-10-10 11:40:21,113 INFO [gfi.app.client.ConsoleRm] - Resultado: Sequence  38688
2012-10-10 11:40:35,981 INFO [gfi.app.client.ConsoleRm] - sequence
2012-10-10 11:40:35,988 INFO [gfi.app.client.ConsoleRm] - Resultado: Sequence  38688
2012-10-10 11:41:21,561 INFO [gfi.app.client.ConsoleRm] - sequence
2012-10-10 11:41:21,569 INFO [gfi.app.client.ConsoleRm] - Resultado: Sequence 1
2012-10-10 11:41:48,169 INFO [gfi.app.client.ConsoleRm] - sequence
2012-10-10 11:41:48,177 INFO [gfi.app.client.ConsoleRm] - Resultado: Sequence  38688
2012-10-10 12:36:33,329 INFO [gfi.app.client.ConsoleRm] - sequence
2012-10-10 12:36:34,193 INFO [gfi.app.client.ConsoleRm] - Resultado: Sequence  38688
2012-10-10 14:12:36,369 INFO [gfi.app.client.ConsoleRm] - sequence
2012-10-10 14:12:36,421 INFO [gfi.app.client.ConsoleRm] - Resultado: Sequence  38688
2012-10-10 16:24:19,663 INFO [gfi.app.client.ConsoleRm] - sequence
2012-10-10 16:24:20,362 ERROR [gfi.app.client.ConsoleRm] - Failed to read server's response: Connection refused
2012-10-10 16:29:03,186 INFO [gfi.app.client.ConsoleRm] - sequence
2012-10-10 16:29:03,224 INFO [gfi.app.client.ConsoleRm] - Resultado: Sequence  38688
2012-10-10 16:29:07,977 INFO [gfi.app.client.ConsoleRm] - sequence
2012-10-10 16:29:07,984 INFO [gfi.app.client.ConsoleRm] - Resultado: Sequence 1
2012-10-10 16:29:47,153 INFO [gfi.app.client.ConsoleRm] - sequence
2012-10-10 16:29:47,162 INFO [gfi.app.client.ConsoleRm] - Resultado: Sequence  1
2012-10-10 16:56:36,026 INFO [gfi.app.client.ConsoleRm] - sequence
2012-10-10 16:56:36,035 INFO [gfi.app.client.ConsoleRm] - Resultado: Sequence  1
2012-10-10 16:56:48,705 INFO [gfi.app.client.ConsoleRm] - sequence
2012-10-10 16:56:48,713 INFO [gfi.app.client.ConsoleRm] - Resultado: Sequence  38688
2012-10-10 17:03:37,905 INFO [gfi.app.client.ConsoleRm] - sequence
2012-10-10 17:03:37,913 INFO [gfi.app.client.ConsoleRm] - Resultado: Sequence  38688
2012-10-10 17:03:40,337 INFO [gfi.app.client.ConsoleRm] - sequence
2012-10-10 17:03:40,343 INFO [gfi.app.client.ConsoleRm] - Resultado: Sequence 1
2012-10-10 17:03:42,245 INFO [gfi.app.client.ConsoleRm] - sequence
2012-10-10 17:03:42,252 INFO [gfi.app.client.ConsoleRm] - Resultado: Sequence  1
2012-10-11 12:52:18,802 INFO [gfi.app.client.ConsoleRm] - sequence
2012-10-11 12:52:18,857 INFO [gfi.app.client.ConsoleRm] - Resultado: Sequence  1538092
2012-10-11 12:52:26,685 INFO [gfi.app.client.ConsoleRm] - sequence
2012-10-11 12:52:26,692 INFO [gfi.app.client.ConsoleRm] - Resultado: Sequence  1538493
2012-10-11 13:54:38,649 INFO [gfi.app.client.ConsoleRm] - sequence
2012-10-11 13:54:38,658 INFO [gfi.app.client.ConsoleRm] - Resultado: Sequence  1848278
2012-10-12 09:04:58,714 INFO [gfi.app.client.ConsoleRm] - sequence
2012-10-12 09:04:58,764 INFO [gfi.app.client.ConsoleRm] - Resultado: Sequence  2181777
2012-10-12 09:05:17,689 INFO [gfi.app.client.ConsoleRm] - sequence
2012-10-12 09:05:17,697 INFO [gfi.app.client.ConsoleRm] - Resultado: Sequence 2
2012-10-12 09:05:49,525 INFO [gfi.app.client.ConsoleRm] - sequence
2012-10-12 09:05:49,533 INFO [gfi.app.client.ConsoleRm] - Resultado: Sequence  1
2012-10-12 09:09:28,257 INFO [gfi.app.client.ConsoleRm] - sequence
2012-10-12 09:09:28,329 INFO [gfi.app.client.ConsoleRm] - Resultado: Sequence  48729
2012-10-12 09:34:45,849 INFO [gfi.app.client.ConsoleRm] - sequence
2012-10-12 09:34:45,858 INFO [gfi.app.client.ConsoleRm] - Resultado: Sequence  527935
2012-10-12 11:56:46,825 INFO [gfi.app.client.ConsoleRm] - sequence
2012-10-12 11:56:48,773 INFO [gfi.app.client.ConsoleRm] - Resultado: Sequence  1282095
2012-10-12 11:56:50,037 INFO [gfi.app.client.ConsoleRm] - sequence
2012-10-12 11:56:50,044 INFO [gfi.app.client.ConsoleRm] - Resultado: Sequence  1282095
2012-10-12 11:56:51,093 INFO [gfi.app.client.ConsoleRm] - sequence
2012-10-12 11:56:51,099 INFO [gfi.app.client.ConsoleRm] - Resultado: Sequence  1282095
2012-10-12 11:56:51,961 INFO [gfi.app.client.ConsoleRm] - sequence
2012-10-12 11:56:51,984 INFO [gfi.app.client.ConsoleRm] - Resultado: Sequence  1282095
2012-10-12 11:56:52,733 INFO [gfi.app.client.ConsoleRm] - sequence
2012-10-12 11:56:52,739 INFO [gfi.app.client.ConsoleRm] - Resultado: Sequence  1282095
2012-10-12 11:56:53,569 INFO [gfi.app.client.ConsoleRm] - sequence
2012-10-12 11:56:53,576 INFO [gfi.app.client.ConsoleRm] - Resultado: Sequence  1282447
2012-10-12 11:56:54,477 INFO [gfi.app.client.ConsoleRm] - sequence
2012-10-12 11:56:54,483 INFO [gfi.app.client.ConsoleRm] - Resultado: Sequence  1282664
2012-10-12 11:56:55,321 INFO [gfi.app.client.ConsoleRm] - sequence
2012-10-12 11:56:55,867 INFO [gfi.app.client.ConsoleRm] - Resultado: Sequence  1282664
2012-10-12 11:56:56,825 INFO [gfi.app.client.ConsoleRm] - sequence
2012-10-12 11:56:56,856 INFO [gfi.app.client.ConsoleRm] - Resultado: Sequence  1282664
2012-10-12 11:56:57,649 INFO [gfi.app.client.ConsoleRm] - sequence
2012-10-12 11:56:57,655 INFO [gfi.app.client.ConsoleRm] - Resultado: Sequence  1282664
2012-10-12 11:56:58,297 INFO [gfi.app.client.ConsoleRm] - sequence
2012-10-12 11:56:58,302 INFO [gfi.app.client.ConsoleRm] - Resultado: Sequence  1282664
2012-10-12 11:56:59,141 INFO [gfi.app.client.ConsoleRm] - sequence
2012-10-12 11:56:59,154 INFO [gfi.app.client.ConsoleRm] - Resultado: Sequence  1282664
2012-10-12 11:57:00,061 INFO [gfi.app.client.ConsoleRm] - sequence
2012-10-12 11:57:00,067 INFO [gfi.app.client.ConsoleRm] - Resultado: Sequence  1282664
2012-10-12 11:57:00,757 INFO [gfi.app.client.ConsoleRm] - sequence
2012-10-12 11:57:00,764 INFO [gfi.app.client.ConsoleRm] - Resultado: Sequence  1282664
2012-10-12 11:57:01,405 INFO [gfi.app.client.ConsoleRm] - sequence
2012-10-12 11:57:01,409 INFO [gfi.app.client.ConsoleRm] - Resultado: Sequence  1282664
2012-10-12 11:57:02,021 INFO [gfi.app.client.ConsoleRm] - sequence
2012-10-12 11:57:02,027 INFO [gfi.app.client.ConsoleRm] - Resultado: Sequence  1282664
2012-10-12 11:57:02,637 INFO [gfi.app.client.ConsoleRm] - sequence
2012-10-12 11:57:02,642 INFO [gfi.app.client.ConsoleRm] - Resultado: Sequence  1282809
2012-10-12 11:57:03,641 INFO [gfi.app.client.ConsoleRm] - sequence
2012-10-12 11:57:03,645 INFO [gfi.app.client.ConsoleRm] - Resultado: Sequence  1283009
2012-10-12 12:28:40,297 INFO [gfi.app.client.ConsoleRm] - sequence
2012-10-12 12:28:40,304 INFO [gfi.app.client.ConsoleRm] - Resultado: Sequence  1416138
2012-10-15 09:17:38,505 ERROR [gfi.app.client.ConsoleRm] - Input/output error
2012-10-16 17:32:16,427 INFO [gfi.app.client.ConsoleRm] - sequence
2012-10-16 17:32:16,454 INFO [gfi.app.client.ConsoleRm] - Resultado: Sequence  38688
2012-10-16 17:32:23,738 INFO [gfi.app.client.ConsoleRm] - sequence
2012-10-16 17:32:23,746 INFO [gfi.app.client.ConsoleRm] - Resultado: Sequence  38688
2012-10-16 17:32:27,334 INFO [gfi.app.client.ConsoleRm] - sequence
2012-10-16 17:32:27,341 INFO [gfi.app.client.ConsoleRm] - Resultado: Sequence 1
2012-10-16 17:32:28,638 INFO [gfi.app.client.ConsoleRm] - sequence
2012-10-16 17:32:28,647 INFO [gfi.app.client.ConsoleRm] - Resultado: Sequence  1
2012-10-16 17:32:52,358 INFO [gfi.app.client.ConsoleRm] - sequence
2012-10-16 17:32:52,365 INFO [gfi.app.client.ConsoleRm] - Resultado: Sequence  38688
2012-10-16 18:01:19,746 INFO [gfi.app.client.ConsoleRm] - sequence
2012-10-16 18:01:19,801 INFO [gfi.app.client.ConsoleRm] - Resultado: Sequence  1
2012-10-16 18:03:03,406 INFO [gfi.app.client.ConsoleRm] - sequence
2012-10-16 18:03:03,413 INFO [gfi.app.client.ConsoleRm] - Resultado: Sequence  38688
2012-10-16 18:03:30,298 INFO [gfi.app.client.ConsoleRm] - sequence
2012-10-16 18:03:30,305 INFO [gfi.app.client.ConsoleRm] - Resultado: Sequence  38688
2012-10-16 18:03:34,722 INFO [gfi.app.client.ConsoleRm] - sequence
2012-10-16 18:03:34,729 INFO [gfi.app.client.ConsoleRm] - Resultado: Sequence 1
2012-10-16 18:08:34,976 INFO [gfi.app.client.ConsoleRm] - sequence
2012-10-16 18:08:34,987 INFO [gfi.app.client.ConsoleRm] - Resultado: Sequence 1
2012-10-16 18:08:38,118 INFO [gfi.app.client.ConsoleRm] - sequence
2012-10-16 18:08:38,125 INFO [gfi.app.client.ConsoleRm] - Resultado: Sequence  1
2012-10-16 18:10:41,778 INFO [gfi.app.client.ConsoleRm] - sequence
2012-10-16 18:10:41,783 INFO [gfi.app.client.ConsoleRm] - Resultado: Sequence  38688
2012-10-16 18:57:41,607 INFO [gfi.app.client.ConsoleRm] - sequence
2012-10-16 18:57:41,617 INFO [gfi.app.client.ConsoleRm] - Resultado: Sequence  38688
2012-10-16 18:58:20,790 INFO [gfi.app.client.ConsoleRm] - sequence
2012-10-16 18:58:20,798 INFO [gfi.app.client.ConsoleRm] - Resultado: Sequence  38688
2012-10-16 19:23:32,438 INFO [gfi.app.client.ConsoleRm] - sequence
2012-10-16 19:23:32,495 INFO [gfi.app.client.ConsoleRm] - Resultado: Sequence  38688
2012-10-16 19:23:35,798 INFO [gfi.app.client.ConsoleRm] - sequence
2012-10-16 19:23:35,806 INFO [gfi.app.client.ConsoleRm] - Resultado: Sequence 1
2012-10-16 19:23:59,574 INFO [gfi.app.client.ConsoleRm] - sequence
2012-10-16 19:23:59,583 INFO [gfi.app.client.ConsoleRm] - Resultado: Sequence  38688
2012-10-16 19:24:00,654 INFO [gfi.app.client.ConsoleRm] - sequence
2012-10-16 19:24:00,661 INFO [gfi.app.client.ConsoleRm] - Resultado: Sequence  38688
2012-10-16 19:24:39,838 INFO [gfi.app.client.ConsoleRm] - sequence
2012-10-16 19:24:39,845 INFO [gfi.app.client.ConsoleRm] - Resultado: Sequence  38688
2012-10-16 19:24:40,926 INFO [gfi.app.client.ConsoleRm] - sequence
2012-10-16 19:24:40,933 INFO [gfi.app.client.ConsoleRm] - Resultado: Sequence  38688
2012-10-16 19:25:30,310 INFO [gfi.app.client.ConsoleRm] - sequence
2012-10-16 19:25:30,318 INFO [gfi.app.client.ConsoleRm] - Resultado: Sequence  38688
2012-10-16 19:25:31,570 INFO [gfi.app.client.ConsoleRm] - sequence
2012-10-16 19:25:31,577 INFO [gfi.app.client.ConsoleRm] - Resultado: Sequence 1
2012-10-16 19:25:41,618 INFO [gfi.app.client.ConsoleRm] - sequence
2012-10-16 19:25:41,625 INFO [gfi.app.client.ConsoleRm] - Resultado: Sequence  1
2012-10-16 19:25:47,662 INFO [gfi.app.client.ConsoleRm] - sequence
2012-10-16 19:25:47,672 INFO [gfi.app.client.ConsoleRm] - Resultado: Sequence  11414
2012-10-16 19:25:48,394 INFO [gfi.app.client.ConsoleRm] - sequence
2012-10-16 19:25:48,419 INFO [gfi.app.client.ConsoleRm] - Resultado: Sequence  15213
2012-10-16 19:25:49,106 INFO [gfi.app.client.ConsoleRm] - sequence
2012-10-16 19:25:49,116 INFO [gfi.app.client.ConsoleRm] - Resultado: Sequence  18921
2012-10-16 19:25:49,714 INFO [gfi.app.client.ConsoleRm] - sequence
2012-10-16 19:25:49,721 INFO [gfi.app.client.ConsoleRm] - Resultado: Sequence  22657
2012-10-16 19:25:50,274 INFO [gfi.app.client.ConsoleRm] - sequence
2012-10-16 19:25:50,289 INFO [gfi.app.client.ConsoleRm] - Resultado: Sequence  26572
2012-10-16 19:25:50,818 INFO [gfi.app.client.ConsoleRm] - sequence
2012-10-16 19:25:50,824 INFO [gfi.app.client.ConsoleRm] - Resultado: Sequence  29961
2012-10-16 19:25:51,530 INFO [gfi.app.client.ConsoleRm] - sequence
2012-10-16 19:25:51,558 INFO [gfi.app.client.ConsoleRm] - Resultado: Sequence  34120
2012-10-16 19:25:52,162 INFO [gfi.app.client.ConsoleRm] - sequence
2012-10-16 19:25:52,168 INFO [gfi.app.client.ConsoleRm] - Resultado: Sequence  37039
2012-10-16 19:25:52,786 INFO [gfi.app.client.ConsoleRm] - sequence
2012-10-16 19:25:52,792 INFO [gfi.app.client.ConsoleRm] - Resultado: Sequence  38688
2012-10-16 19:25:53,398 INFO [gfi.app.client.ConsoleRm] - sequence
2012-10-16 19:25:53,403 INFO [gfi.app.client.ConsoleRm] - Resultado: Sequence  38688
2012-10-17 09:04:50,647 INFO [gfi.app.client.ConsoleRm] - sequence
2012-10-17 09:04:51,548 INFO [gfi.app.client.ConsoleRm] - Resultado: Sequence  38688
2012-10-17 09:04:55,195 INFO [gfi.app.client.ConsoleRm] - sequence
2012-10-17 09:04:55,204 INFO [gfi.app.client.ConsoleRm] - Resultado: Sequence 1
2012-10-17 11:01:38,436 INFO [gfi.app.client.ConsoleRm] - sequence
2012-10-17 11:01:38,835 INFO [gfi.app.client.ConsoleRm] - Resultado: Sequence  38688
2012-10-17 11:01:43,751 INFO [gfi.app.client.ConsoleRm] - sequence
2012-10-17 11:01:43,783 INFO [gfi.app.client.ConsoleRm] - Resultado: Sequence 1
2012-10-17 13:02:54,197 INFO [gfi.app.client.ConsoleRm] - sequence
2012-10-17 13:02:54,545 INFO [gfi.app.client.ConsoleRm] - Resultado: Sequence  38688
2012-10-17 13:02:56,963 INFO [gfi.app.client.ConsoleRm] - sequence
2012-10-17 13:02:56,970 INFO [gfi.app.client.ConsoleRm] - Resultado: Sequence 1
2012-10-17 13:02:58,438 INFO [gfi.app.client.ConsoleRm] - sequence
2012-10-17 13:02:58,444 INFO [gfi.app.client.ConsoleRm] - Resultado: Sequence  1
2012-10-17 13:20:56,898 INFO [gfi.app.client.ConsoleRm] - sequence
2012-10-17 13:20:57,442 INFO [gfi.app.client.ConsoleRm] - Resultado: Sequence  38688
2012-10-17 13:20:59,185 INFO [gfi.app.client.ConsoleRm] - sequence
2012-10-17 13:20:59,190 INFO [gfi.app.client.ConsoleRm] - Resultado: Sequence 1
2012-10-17 16:01:39,106 INFO [gfi.app.client.ConsoleRm] - sequence
2012-10-17 16:01:39,665 INFO [gfi.app.client.ConsoleRm] - Resultado: Sequence 1
2012-10-17 16:01:48,154 INFO [gfi.app.client.ConsoleRm] - sequence
2012-10-17 16:01:48,161 INFO [gfi.app.client.ConsoleRm] - Resultado: Sequence  38688
2012-10-17 18:57:41,045 INFO [gfi.app.client.ConsoleRm] - sequence
2012-10-17 18:57:54,205 INFO [gfi.app.client.ConsoleRm] - Resultado: Sequence  38688
2012-10-17 18:58:02,325 INFO [gfi.app.client.ConsoleRm] - sequence
2012-10-17 18:58:02,804 INFO [gfi.app.client.ConsoleRm] - Resultado: Sequence 1
2012-11-15 10:39:53,768 INFO [gfi.app.client.ConsoleRm] - usage
2012-11-15 10:39:53,778 INFO [gfi.app.client.ConsoleRm] - Resultado: sequence|Message Retransmission in sequence number|@usage|Muestra los Comandos Disponibles|@
2012-11-15 10:40:03,583 INFO [gfi.app.client.ConsoleRm] - sequence
2012-11-15 10:40:03,591 INFO [gfi.app.client.ConsoleRm] - Resultado: |sequence | sequence {show, -reset [long{7}]}|
2012-11-15 10:40:13,575 INFO [gfi.app.client.ConsoleRm] - sequence
2012-11-15 10:40:13,580 INFO [gfi.app.client.ConsoleRm] - Resultado: Sequence  20001
2012-11-15 10:40:22,103 INFO [gfi.app.client.ConsoleRm] - sequence
2012-11-15 10:40:22,110 INFO [gfi.app.client.ConsoleRm] - Resultado: Sequence  24349
2012-11-15 10:40:23,227 INFO [gfi.app.client.ConsoleRm] - sequence
2012-11-15 10:40:23,234 INFO [gfi.app.client.ConsoleRm] - Resultado: Sequence  24703
2012-11-15 10:40:23,967 INFO [gfi.app.client.ConsoleRm] - sequence
2012-11-15 10:40:23,973 INFO [gfi.app.client.ConsoleRm] - Resultado: Sequence  24864
2012-11-15 10:40:24,667 INFO [gfi.app.client.ConsoleRm] - sequence
2012-11-15 10:40:24,672 INFO [gfi.app.client.ConsoleRm] - Resultado: Sequence  25092
2012-11-15 10:40:25,355 INFO [gfi.app.client.ConsoleRm] - sequence
2012-11-15 10:40:25,360 INFO [gfi.app.client.ConsoleRm] - Resultado: Sequence  25308
2012-11-15 10:40:25,995 INFO [gfi.app.client.ConsoleRm] - sequence
2012-11-15 10:40:26,000 INFO [gfi.app.client.ConsoleRm] - Resultado: Sequence  25521
2012-11-15 10:40:26,907 INFO [gfi.app.client.ConsoleRm] - sequence
2012-11-15 10:40:26,912 INFO [gfi.app.client.ConsoleRm] - Resultado: Sequence  25818
2012-11-15 10:40:27,799 INFO [gfi.app.client.ConsoleRm] - sequence
2012-11-15 10:40:27,805 INFO [gfi.app.client.ConsoleRm] - Resultado: Sequence  26109
2012-11-15 10:40:28,647 INFO [gfi.app.client.ConsoleRm] - sequence
2012-11-15 10:40:28,652 INFO [gfi.app.client.ConsoleRm] - Resultado: Sequence  26384
2012-11-15 10:40:29,455 INFO [gfi.app.client.ConsoleRm] - sequence
2012-11-15 10:40:29,492 INFO [gfi.app.client.ConsoleRm] - Resultado: Sequence  26651
2012-11-15 10:40:30,211 INFO [gfi.app.client.ConsoleRm] - sequence
2012-11-15 10:40:30,216 INFO [gfi.app.client.ConsoleRm] - Resultado: Sequence  26895
2012-11-15 10:40:30,871 INFO [gfi.app.client.ConsoleRm] - sequence
2012-11-15 10:40:30,878 INFO [gfi.app.client.ConsoleRm] - Resultado: Sequence  27115
